19-Jul-2026 04:39:43.922 INFO [main] org.apache.catalina.startup.VersionLoggerListener.log Server version name:   Apache Tomcat/10.1.18
19-Jul-2026 04:39:43.932 INFO [main] org.apache.catalina.startup.VersionLoggerListener.log Server built:          Jan 5 2024 14:39:40 UTC
19-Jul-2026 04:39:43.932 INFO [main] org.apache.catalina.startup.VersionLoggerListener.log Server version number: 10.1.18.0
19-Jul-2026 04:39:43.932 INFO [main] org.apache.catalina.startup.VersionLoggerListener.log OS Name:               Linux
19-Jul-2026 04:39:43.932 INFO [main] org.apache.catalina.startup.VersionLoggerListener.log OS Version:            6.8.0-1052-azure
19-Jul-2026 04:39:43.932 INFO [main] org.apache.catalina.startup.VersionLoggerListener.log Architecture:          amd64
19-Jul-2026 04:39:43.932 INFO [main] org.apache.catalina.startup.VersionLoggerListener.log Java Home:             /usr/lib/jvm/java-17-openjdk-amd64
19-Jul-2026 04:39:43.933 INFO [main] org.apache.catalina.startup.VersionLoggerListener.log JVM Version:           17.0.19+10-1-24.04.2-Ubuntu
19-Jul-2026 04:39:43.933 INFO [main] org.apache.catalina.startup.VersionLoggerListener.log JVM Vendor:            Ubuntu
19-Jul-2026 04:39:43.933 INFO [main] org.apache.catalina.startup.VersionLoggerListener.log CATALINA_BASE:         /workspaces/jsp-shopping-cart/apache-tomcat-10.1.18
19-Jul-2026 04:39:43.934 INFO [main] org.apache.catalina.startup.VersionLoggerListener.log CATALINA_HOME:         /workspaces/jsp-shopping-cart/apache-tomcat-10.1.18
19-Jul-2026 04:39:43.947 INFO [main] org.apache.catalina.startup.VersionLoggerListener.log Command line argument: -Djava.util.logging.config.file=/workspaces/jsp-shopping-cart/apache-tomcat-10.1.18/conf/logging.properties
19-Jul-2026 04:39:43.947 INFO [main] org.apache.catalina.startup.VersionLoggerListener.log Command line argument: -Djava.util.logging.manager=org.apache.juli.ClassLoaderLogManager
19-Jul-2026 04:39:43.947 INFO [main] org.apache.catalina.startup.VersionLoggerListener.log Command line argument: -Djdk.tls.ephemeralDHKeySize=2048
19-Jul-2026 04:39:43.948 INFO [main] org.apache.catalina.startup.VersionLoggerListener.log Command line argument: -Djava.protocol.handler.pkgs=org.apache.catalina.webresources
19-Jul-2026 04:39:43.948 INFO [main] org.apache.catalina.startup.VersionLoggerListener.log Command line argument: -Dorg.apache.catalina.security.SecurityListener.UMASK=0027
19-Jul-2026 04:39:43.948 INFO [main] org.apache.catalina.startup.VersionLoggerListener.log Command line argument: --add-opens=java.base/java.lang=ALL-UNNAMED
19-Jul-2026 04:39:43.948 INFO [main] org.apache.catalina.startup.VersionLoggerListener.log Command line argument: --add-opens=java.base/java.io=ALL-UNNAMED
19-Jul-2026 04:39:43.948 INFO [main] org.apache.catalina.startup.VersionLoggerListener.log Command line argument: --add-opens=java.base/java.util=ALL-UNNAMED
19-Jul-2026 04:39:43.948 INFO [main] org.apache.catalina.startup.VersionLoggerListener.log Command line argument: --add-opens=java.base/java.util.concurrent=ALL-UNNAMED
19-Jul-2026 04:39:43.948 INFO [main] org.apache.catalina.startup.VersionLoggerListener.log Command line argument: --add-opens=java.rmi/sun.rmi.transport=ALL-UNNAMED
19-Jul-2026 04:39:43.949 INFO [main] org.apache.catalina.startup.VersionLoggerListener.log Command line argument: -Dcatalina.base=/workspaces/jsp-shopping-cart/apache-tomcat-10.1.18
19-Jul-2026 04:39:43.949 INFO [main] org.apache.catalina.startup.VersionLoggerListener.log Command line argument: -Dcatalina.home=/workspaces/jsp-shopping-cart/apache-tomcat-10.1.18
19-Jul-2026 04:39:43.949 INFO [main] org.apache.catalina.startup.VersionLoggerListener.log Command line argument: -Djava.io.tmpdir=/workspaces/jsp-shopping-cart/apache-tomcat-10.1.18/temp
19-Jul-2026 04:39:43.954 INFO [main] org.apache.catalina.core.AprLifecycleListener.lifecycleEvent The Apache Tomcat Native library which allows using OpenSSL was not found on the java.library.path: [/usr/java/packages/lib:/usr/lib/x86_64-linux-gnu/jni:/lib/x86_64-linux-gnu:/usr/lib/x86_64-linux-gnu:/usr/lib/jni:/lib:/usr/lib]
19-Jul-2026 04:39:44.426 INFO [main] org.apache.coyote.AbstractProtocol.init Initializing ProtocolHandler ["http-nio-8080"]
19-Jul-2026 04:39:44.451 INFO [main] org.apache.catalina.startup.Catalina.load Server initialization in [785] milliseconds
19-Jul-2026 04:39:44.493 INFO [main] org.apache.catalina.core.StandardService.startInternal Starting service [Catalina]
19-Jul-2026 04:39:44.494 INFO [main] org.apache.catalina.core.StandardEngine.startInternal Starting Servlet engine: [Apache Tomcat/10.1.18]
19-Jul-2026 04:39:44.517 INFO [main] org.apache.catalina.startup.HostConfig.deployWAR Deploying web application archive [/workspaces/jsp-shopping-cart/apache-tomcat-10.1.18/webapps/jsp-shopping-cart.war]
19-Jul-2026 04:39:44.547 INFO [main] org.apache.catalina.startup.ExpandWar.expand An expanded directory [/workspaces/jsp-shopping-cart/apache-tomcat-10.1.18/webapps/jsp-shopping-cart] was found with a last modified time that did not match the associated WAR. It will be deleted.
19-Jul-2026 04:39:45.580 INFO [main] org.apache.jasper.servlet.TldScanner.scanJars At least one JAR was scanned for TLDs yet contained no TLDs. Enable debug logging for this logger for a complete list of JARs that were scanned but no TLDs were found in them. Skipping unneeded JARs during scanning can improve startup time and JSP compilation time.
19-Jul-2026 04:39:45.651 INFO [main] org.apache.catalina.startup.HostConfig.deployWAR Deployment of web application archive [/workspaces/jsp-shopping-cart/apache-tomcat-10.1.18/webapps/jsp-shopping-cart.war] has finished in [1,135] ms
19-Jul-2026 04:39:45.652 INFO [main] org.apache.catalina.startup.HostConfig.deployDirectory Deploying web application directory [/workspaces/jsp-shopping-cart/apache-tomcat-10.1.18/webapps/ROOT]
19-Jul-2026 04:39:45.670 INFO [main] org.apache.catalina.startup.HostConfig.deployDirectory Deployment of web application directory [/workspaces/jsp-shopping-cart/apache-tomcat-10.1.18/webapps/ROOT] has finished in [18] ms
19-Jul-2026 04:39:45.671 INFO [main] org.apache.catalina.startup.HostConfig.deployDirectory Deploying web application directory [/workspaces/jsp-shopping-cart/apache-tomcat-10.1.18/webapps/host-manager]
19-Jul-2026 04:39:45.725 INFO [main] org.apache.catalina.startup.HostConfig.deployDirectory Deployment of web application directory [/workspaces/jsp-shopping-cart/apache-tomcat-10.1.18/webapps/host-manager] has finished in [54] ms
19-Jul-2026 04:39:45.725 INFO [main] org.apache.catalina.startup.HostConfig.deployDirectory Deploying web application directory [/workspaces/jsp-shopping-cart/apache-tomcat-10.1.18/webapps/examples]
19-Jul-2026 04:39:45.959 INFO [main] org.apache.catalina.startup.HostConfig.deployDirectory Deployment of web application directory [/workspaces/jsp-shopping-cart/apache-tomcat-10.1.18/webapps/examples] has finished in [234] ms
19-Jul-2026 04:39:45.959 INFO [main] org.apache.catalina.startup.HostConfig.deployDirectory Deploying web application directory [/workspaces/jsp-shopping-cart/apache-tomcat-10.1.18/webapps/docs]
19-Jul-2026 04:39:45.975 INFO [main] org.apache.catalina.startup.HostConfig.deployDirectory Deployment of web application directory [/workspaces/jsp-shopping-cart/apache-tomcat-10.1.18/webapps/docs] has finished in [16] ms
19-Jul-2026 04:39:45.975 INFO [main] org.apache.catalina.startup.HostConfig.deployDirectory Deploying web application directory [/workspaces/jsp-shopping-cart/apache-tomcat-10.1.18/webapps/manager]
19-Jul-2026 04:39:45.993 INFO [main] org.apache.catalina.startup.HostConfig.deployDirectory Deployment of web application directory [/workspaces/jsp-shopping-cart/apache-tomcat-10.1.18/webapps/manager] has finished in [18] ms
19-Jul-2026 04:39:45.996 INFO [main] org.apache.coyote.AbstractProtocol.start Starting ProtocolHandler ["http-nio-8080"]
19-Jul-2026 04:39:46.011 INFO [main] org.apache.catalina.startup.Catalina.start Server startup in [1559] milliseconds
